<?xml version="1.0" encoding="UTF-8"?>
<!-- Generated by org.testng.reporters.JUnitXMLReporter -->
<testsuite hostname="LAB101WD48S2" ignored="0" name="Car Loan" tests="3" failures="0" timestamp="2019-12-09T19:05:14 CAT" time="0.012" errors="0">
  <testcase name="loginAPIcarloan" time="0.002" classname="TestNGDemo.Day3"/>
  <testcase name="mobileloginCarloan" time="0.001" classname="TestNGDemo.Day3"/>
  <testcase name="webloginCarloan" time="0.002" classname="TestNGDemo.Day3"/>
</testsuite> <!-- Car Loan -->
