<?xml version="1.0" encoding="UTF-8"?>
<!-- Generated by org.testng.reporters.JUnitXMLReporter -->
<testsuite hostname="LAB101WD48S2" ignored="0" name="Peronal Loan" tests="6" failures="0" timestamp="2019-12-09T19:05:14 CAT" time="0.084" errors="0">
  <testcase name="demo" time="0.013" classname="TestNGDemo.Day1"/>
  <testcase name="secondTest" time="0.002" classname="TestNGDemo.Day1"/>
  <testcase name="ploan" time="0.003" classname="TestNGDemo.Day2"/>
  <testcase name="loginAPIHomeloan" time="0.002" classname="TestNGDemo.Day4"/>
  <testcase name="mobileloginHomeloan" time="0.003" classname="TestNGDemo.Day4"/>
  <testcase name="webloginHomeloan" time="0.002" classname="TestNGDemo.Day4"/>
</testsuite> <!-- Peronal Loan -->
